<?xml version="1.0" encoding="UTF-8"?>
<!-- Generated by org.testng.reporters.JUnitXMLReporter -->
<testsuite ignored="12" hostname="LTIN193258" failures="0" tests="18" name="Chrome" time="101.916" errors="0" timestamp="2024-03-07T17:19:31 IST">
  <testcase classname="testCases.TC_01_itemToBeSearched" name="openBrowser" time="4.591"/>
  <testcase classname="testCases.TC_01_itemToBeSearched" name="getItemName" time="4.11"/>
  <testcase classname="testCases.TC_01_itemToBeSearched" name="closePopUp" time="2.396"/>
  <testcase classname="testCases.TC_02_conditions" name="select_the_price_range_below_fifteen_thousand" time="4.015"/>
  <testcase classname="testCases.TC_02_conditions" name="chooses_the_category_kid_bookshelves" time="3.399"/>
  <testcase classname="testCases.TC_02_conditions" name="exclude_out_of_stock" time="3.12"/>
  <testcase classname="testCases.TC_02_conditions" name="sorts_by_price_high_to_low" time="3.744"/>
  <testcase classname="testCases.TC_03_getItems" name="fetch_the_top_three_items_print_all_details_in_console_output" time="3.662"/>
  <testcase classname="testCases.TC_04_living" name="user_clicks_on_the_living_menu" time="0.145"/>
  <testcase classname="testCases.TC_04_living" name="retrieve_all_items_under_living_storage_sub_menu_and_print_the_same_on_the_console" time="4.069"/>
  <testcase classname="testCases.TC_05_giftCard" name="user_clicks_on_gift_cards" time="7.014"/>
  <testcase classname="testCases.TC_05_giftCard" name="chooses_birthday_or_anniversary" time="5.102"/>
  <testcase classname="testCases.TC_05_giftCard" name="enters_the_valid_amount_month_and_date" time="3.586"/>
  <testcase classname="testCases.TC_05_giftCard" name="clicks_on_the_next_button" time="3.101"/>
  <testcase classname="testCases.TC_05_giftCard" name="fills_to_from_details" time="4.913"/>
  <testcase classname="testCases.TC_06_validation" name="validate_the_email_id" time="11.136"/>
  <testcase classname="testCases.TC_06_validation" name="the_id_is_not_valid_and_user_gives_correct_email_id" time="13.227"/>
  <testcase classname="testCases.TC_07_confirmDetails" name="confirm_the_details_in_confirm_details_section" time="3.613"/>
  <testcase classname="testBase.TestBase" name="@AfterTest closeBrowser" time="0.0">
    <ignored/>
  </testcase> <!-- @AfterTest closeBrowser -->
  <testcase classname="testBase.TestBase" name="@AfterTest closeBrowser" time="0.0">
    <ignored/>
  </testcase> <!-- @AfterTest closeBrowser -->
  <testcase classname="testBase.TestBase" name="@BeforeTest setup" time="0.0">
    <ignored/>
  </testcase> <!-- @BeforeTest setup -->
  <testcase classname="testBase.TestBase" name="@AfterTest closeBrowser" time="0.0">
    <ignored/>
  </testcase> <!-- @AfterTest closeBrowser -->
  <testcase classname="testBase.TestBase" name="@BeforeTest setup" time="0.0">
    <ignored/>
  </testcase> <!-- @BeforeTest setup -->
  <testcase classname="testBase.TestBase" name="@AfterTest closeBrowser" time="0.0">
    <ignored/>
  </testcase> <!-- @AfterTest closeBrowser -->
  <testcase classname="testBase.TestBase" name="@BeforeTest setup" time="0.0">
    <ignored/>
  </testcase> <!-- @BeforeTest setup -->
  <testcase classname="testBase.TestBase" name="@AfterTest closeBrowser" time="0.0">
    <ignored/>
  </testcase> <!-- @AfterTest closeBrowser -->
  <testcase classname="testBase.TestBase" name="@AfterTest closeBrowser" time="0.0">
    <ignored/>
  </testcase> <!-- @AfterTest closeBrowser -->
  <testcase classname="testBase.TestBase" name="@BeforeTest setup" time="0.0">
    <ignored/>
  </testcase> <!-- @BeforeTest setup -->
  <testcase classname="testBase.TestBase" name="@BeforeTest setup" time="0.0">
    <ignored/>
  </testcase> <!-- @BeforeTest setup -->
  <testcase classname="testBase.TestBase" name="@BeforeTest setup" time="0.0">
    <ignored/>
  </testcase> <!-- @BeforeTest setup -->
</testsuite> <!-- Chrome -->
