<?xml version="1.0" encoding="UTF-8"?>
<testng-results ignored="0" total="0" passed="0" failed="0" skipped="0">
  <reporter-output>
  </reporter-output>
  <suite started-at="2024-03-07T16:22:32 IST" name="Surefire suite" finished-at="2024-03-07T16:22:32 IST" duration-ms="69">
    <groups>
    </groups>
    <test started-at="2024-03-07T16:22:32 IST" name="Surefire test" finished-at="2024-03-07T16:22:32 IST" duration-ms="69">
      <class name="testBase.TestBase">
        <test-method is-config="true" signature="setup(java.lang.String,java.lang.String)[pri:0, instance:testBase.TestBase@5223e5ee]" started-at="2024-03-07T16:22:32 IST" name="setup" finished-at="1970-01-01T05:30:00 IST" duration-ms="-1709808752274" status="FAIL">
          <exception class="org.testng.TestNGException">
            <message>
              <![CDATA[
Parameter 'browser' is required by BeforeTest on method setup but has not been marked @Optional or defined
]]>
            </message>
            <full-stacktrace>
              <![CDATA[org.testng.TestNGException: 
Parameter 'browser' is required by BeforeTest on method setup but has not been marked @Optional or defined

at org.testng.internal.Parameters.createParams(Parameters.java:267)
at org.testng.internal.Parameters.createParametersForMethod(Parameters.java:355)
at org.testng.internal.Parameters.createParameters(Parameters.java:693)
at org.testng.internal.Parameters.createConfigurationParameters(Parameters.java:166)
at org.testng.internal.invokers.ConfigInvoker.invokeConfigurations(ConfigInvoker.java:306)
at org.testng.TestRunner.invokeTestConfigurations(TestRunner.java:661)
at org.testng.TestRunner.beforeRun(TestRunner.java:650)
at org.testng.TestRunner.run(TestRunner.java:612)
at org.testng.SuiteRunner.runTest(SuiteRunner.java:443)
at org.testng.SuiteRunner.runSequentially(SuiteRunner.java:437)
at org.testng.SuiteRunner.privateRun(SuiteRunner.java:397)
at org.testng.SuiteRunner.run(SuiteRunner.java:336)
at org.testng.SuiteRunnerWorker.runSuite(SuiteRunnerWorker.java:52)
at org.testng.SuiteRunnerWorker.run(SuiteRunnerWorker.java:95)
at org.testng.TestNG.runSuitesSequentially(TestNG.java:1301)
at org.testng.TestNG.runSuitesLocally(TestNG.java:1228)
at org.testng.TestNG.runSuites(TestNG.java:1134)
at org.testng.TestNG.run(TestNG.java:1101)
at org.apache.maven.surefire.testng.TestNGExecutor.run(TestNGExecutor.java:155)
at org.apache.maven.surefire.testng.TestNGDirectoryTestSuite.executeMulti(TestNGDirectoryTestSuite.java:169)
at org.apache.maven.surefire.testng.TestNGDirectoryTestSuite.execute(TestNGDirectoryTestSuite.java:88)
at org.apache.maven.surefire.testng.TestNGProvider.invoke(TestNGProvider.java:137)
at org.apache.maven.surefire.booter.ForkedBooter.runSuitesInProcess(ForkedBooter.java:385)
at org.apache.maven.surefire.booter.ForkedBooter.execute(ForkedBooter.java:162)
at org.apache.maven.surefire.booter.ForkedBooter.run(ForkedBooter.java:507)
at org.apache.maven.surefire.booter.ForkedBooter.main(ForkedBooter.java:495)
]]>
            </full-stacktrace>
          </exception> <!-- org.testng.TestNGException -->
          <reporter-output>
          </reporter-output>
        </test-method> <!-- setup -->
        <test-method is-config="true" signature="closeBrowser()[pri:0, instance:testBase.TestBase@5223e5ee]" started-at="2024-03-07T16:22:32 IST" name="closeBrowser" finished-at="2024-03-07T16:22:32 IST" duration-ms="0" status="SKIP">
          <reporter-output>
          </reporter-output>
        </test-method> <!-- closeBrowser -->
      </class> <!-- testBase.TestBase -->
    </test> <!-- Surefire test -->
  </suite> <!-- Surefire suite -->
</testng-results>
