<?xml version="1.0" encoding="UTF-8"?>
<testsuite xmlns:xsi="http://www.w3.org/2001/XMLSchema-instance" xsi:noNamespaceSchemaLocation="https://maven.apache.org/surefire/maven-surefire-plugin/xsd/surefire-test-report-3.0.xsd" version="3.0" name="TestSuite" time="114.067" tests="18" errors="0" skipped="0" failures="0">
  <properties>
[...]
</properties>
  <testcase name="openBrowser" classname="testCases.TC_01_itemToBeSearched" time="5.417">
    <system-err><![CDATA[SLF4J: Failed to load class "org.slf4j.impl.StaticLoggerBinder".
SLF4J: Defaulting to no-operation (NOP) logger implementation
SLF4J: See http://www.slf4j.org/codes.html#StaticLoggerBinder for further details.
Mar 07, 2024 5:25:59 PM org.openqa.selenium.devtools.CdpVersionFinder findNearestMatch
WARNING: Unable to find an exact match for CDP version 120, returning the closest version; found: 119; Please update to a Selenium version that supports CDP version 120
]]></system-err>
  </testcase>
  <testcase name="getItemName" classname="testCases.TC_01_itemToBeSearched" time="5.152"/>
  <testcase name="closePopUp" classname="testCases.TC_01_itemToBeSearched" time="2.247"/>
  <testcase name="select_the_price_range_below_fifteen_thousand" classname="testCases.TC_02_conditions" time="4.052"/>
  <testcase name="chooses_the_category_kid_bookshelves" classname="testCases.TC_02_conditions" time="3.469"/>
  <testcase name="exclude_out_of_stock" classname="testCases.TC_02_conditions" time="3.155"/>
  <testcase name="sorts_by_price_high_to_low" classname="testCases.TC_02_conditions" time="3.534"/>
  <testcase name="fetch_the_top_three_items_print_all_details_in_console_output" classname="testCases.TC_03_getItems" time="3.605">
    <system-out><![CDATA[Wall E Engineered Wood Kids Bookshelf In Silver Grey Colour
By Boingg! - A Happy Start
₹17,600 ₹14,256 | EMI From ₹685
Ochre Solid Wood Kids Bookshelf In Natural Colour
By X&Y
₹10,500 ₹9,975 | EMI From ₹479
Ochre Solid Wood Kids Bookshelf In Pink Colour
By X&Y
₹10,500 ₹9,975 | EMI From ₹479
]]></system-out>
  </testcase>
  <testcase name="user_clicks_on_the_living_menu" classname="testCases.TC_04_living" time="0.127"/>
  <testcase name="retrieve_all_items_under_living_storage_sub_menu_and_print_the_same_on_the_console" classname="testCases.TC_04_living" time="4.067">
    <system-out><![CDATA[Chair
---------------
Lounge Chairs
Accent Chairs
Recliners
Sofa Cum Bed
UL Assured Picks
Ottomans & Stools
Bean Bags
Benches
Bar Stools
Rocking Chairs
Gaming Chairs
]]></system-out>
  </testcase>
  <testcase name="user_clicks_on_gift_cards" classname="testCases.TC_05_giftCard" time="6.872"/>
  <testcase name="chooses_birthday_or_anniversary" classname="testCases.TC_05_giftCard" time="5.106"/>
  <testcase name="enters_the_valid_amount_month_and_date" classname="testCases.TC_05_giftCard" time="3.703"/>
  <testcase name="clicks_on_the_next_button" classname="testCases.TC_05_giftCard" time="3.098"/>
  <testcase name="fills_to_from_details" classname="testCases.TC_05_giftCard" time="5.138"/>
  <testcase name="validate_the_email_id" classname="testCases.TC_06_validation" time="11.259">
    <system-out><![CDATA[Please include an '@' in the email address. 'abcgmail.com' is missing an '@'.
]]></system-out>
  </testcase>
  <testcase name="the_id_is_not_valid_and_user_gives_correct_email_id" classname="testCases.TC_06_validation" time="13.252"/>
  <testcase name="confirm_the_details_in_confirm_details_section" classname="testCases.TC_07_confirmDetails" time="3.766"/>
</testsuite>