<?xml version="1.0" encoding="UTF-8"?>
<testng-results ignored="0" total="18" passed="18" failed="0" skipped="0">
  <reporter-output>
  </reporter-output>
  <suite started-at="2024-03-07T17:17:49 IST" name="Suite" finished-at="2024-03-07T17:19:31 IST" duration-ms="101916">
    <groups>
      <group name="regression">
        <method signature="TC_01_itemToBeSearched.openBrowser()[pri:1, instance:testCases.TC_01_itemToBeSearched@6fa51cd4]" name="openBrowser" class="testCases.TC_01_itemToBeSearched"/>
        <method signature="TC_01_itemToBeSearched.getItemName()[pri:2, instance:testCases.TC_01_itemToBeSearched@6fa51cd4]" name="getItemName" class="testCases.TC_01_itemToBeSearched"/>
        <method signature="TC_01_itemToBeSearched.closePopUp()[pri:3, instance:testCases.TC_01_itemToBeSearched@6fa51cd4]" name="closePopUp" class="testCases.TC_01_itemToBeSearched"/>
        <method signature="TC_02_conditions.select_the_price_range_below_fifteen_thousand()[pri:4, instance:testCases.TC_02_conditions@1750fbeb]" name="select_the_price_range_below_fifteen_thousand" class="testCases.TC_02_conditions"/>
        <method signature="TC_02_conditions.chooses_the_category_kid_bookshelves()[pri:5, instance:testCases.TC_02_conditions@1750fbeb]" name="chooses_the_category_kid_bookshelves" class="testCases.TC_02_conditions"/>
        <method signature="TC_02_conditions.exclude_out_of_stock()[pri:6, instance:testCases.TC_02_conditions@1750fbeb]" name="exclude_out_of_stock" class="testCases.TC_02_conditions"/>
        <method signature="TC_02_conditions.sorts_by_price_high_to_low()[pri:7, instance:testCases.TC_02_conditions@1750fbeb]" name="sorts_by_price_high_to_low" class="testCases.TC_02_conditions"/>
        <method signature="TC_03_getItems.fetch_the_top_three_items_print_all_details_in_console_output()[pri:8, instance:testCases.TC_03_getItems@5b247367]" name="fetch_the_top_three_items_print_all_details_in_console_output" class="testCases.TC_03_getItems"/>
        <method signature="TC_04_living.user_clicks_on_the_living_menu()[pri:9, instance:testCases.TC_04_living@268f106e]" name="user_clicks_on_the_living_menu" class="testCases.TC_04_living"/>
        <method signature="TC_04_living.retrieve_all_items_under_living_storage_sub_menu_and_print_the_same_on_the_console()[pri:10, instance:testCases.TC_04_living@268f106e]" name="retrieve_all_items_under_living_storage_sub_menu_and_print_the_same_on_the_console" class="testCases.TC_04_living"/>
        <method signature="TC_05_giftCard.chooses_birthday_or_anniversary()[pri:12, instance:testCases.TC_05_giftCard@6e9a5ed8]" name="chooses_birthday_or_anniversary" class="testCases.TC_05_giftCard"/>
        <method signature="TC_05_giftCard.enters_the_valid_amount_month_and_date()[pri:13, instance:testCases.TC_05_giftCard@6e9a5ed8]" name="enters_the_valid_amount_month_and_date" class="testCases.TC_05_giftCard"/>
        <method signature="TC_05_giftCard.fills_to_from_details()[pri:15, instance:testCases.TC_05_giftCard@6e9a5ed8]" name="fills_to_from_details" class="testCases.TC_05_giftCard"/>
        <method signature="TC_06_validation.validate_the_email_id()[pri:16, instance:testCases.TC_06_validation@7e057f43]" name="validate_the_email_id" class="testCases.TC_06_validation"/>
        <method signature="TC_06_validation.the_id_is_not_valid_and_user_gives_correct_email_id()[pri:17, instance:testCases.TC_06_validation@7e057f43]" name="the_id_is_not_valid_and_user_gives_correct_email_id" class="testCases.TC_06_validation"/>
        <method signature="TC_07_confirmDetails.confirm_the_details_in_confirm_details_section()[pri:18, instance:testCases.TC_07_confirmDetails@6c284af]" name="confirm_the_details_in_confirm_details_section" class="testCases.TC_07_confirmDetails"/>
      </group> <!-- regression -->
      <group name="smoke">
        <method signature="TC_01_itemToBeSearched.openBrowser()[pri:1, instance:testCases.TC_01_itemToBeSearched@6fa51cd4]" name="openBrowser" class="testCases.TC_01_itemToBeSearched"/>
        <method signature="TC_05_giftCard.user_clicks_on_gift_cards()[pri:11, instance:testCases.TC_05_giftCard@6e9a5ed8]" name="user_clicks_on_gift_cards" class="testCases.TC_05_giftCard"/>
        <method signature="TC_05_giftCard.clicks_on_the_next_button()[pri:14, instance:testCases.TC_05_giftCard@6e9a5ed8]" name="clicks_on_the_next_button" class="testCases.TC_05_giftCard"/>
        <method signature="TC_05_giftCard.fills_to_from_details()[pri:15, instance:testCases.TC_05_giftCard@6e9a5ed8]" name="fills_to_from_details" class="testCases.TC_05_giftCard"/>
        <method signature="TC_07_confirmDetails.confirm_the_details_in_confirm_details_section()[pri:18, instance:testCases.TC_07_confirmDetails@6c284af]" name="confirm_the_details_in_confirm_details_section" class="testCases.TC_07_confirmDetails"/>
      </group> <!-- smoke -->
    </groups>
    <test started-at="2024-03-07T17:17:49 IST" name="Chrome" finished-at="2024-03-07T17:19:31 IST" duration-ms="101916">
      <class name="testCases.TC_02_conditions">
        <test-method signature="select_the_price_range_below_fifteen_thousand()[pri:4, instance:testCases.TC_02_conditions@1750fbeb]" started-at="2024-03-07T17:18:13 IST" name="select_the_price_range_below_fifteen_thousand" finished-at="2024-03-07T17:18:17 IST" duration-ms="4015" status="PASS">
          <reporter-output>
          </reporter-output>
        </test-method> <!-- select_the_price_range_below_fifteen_thousand -->
        <test-method signature="chooses_the_category_kid_bookshelves()[pri:5, instance:testCases.TC_02_conditions@1750fbeb]" started-at="2024-03-07T17:18:17 IST" name="chooses_the_category_kid_bookshelves" finished-at="2024-03-07T17:18:20 IST" duration-ms="3399" status="PASS">
          <reporter-output>
          </reporter-output>
        </test-method> <!-- chooses_the_category_kid_bookshelves -->
        <test-method signature="exclude_out_of_stock()[pri:6, instance:testCases.TC_02_conditions@1750fbeb]" started-at="2024-03-07T17:18:21 IST" name="exclude_out_of_stock" finished-at="2024-03-07T17:18:24 IST" duration-ms="3120" status="PASS">
          <reporter-output>
          </reporter-output>
        </test-method> <!-- exclude_out_of_stock -->
        <test-method signature="sorts_by_price_high_to_low()[pri:7, instance:testCases.TC_02_conditions@1750fbeb]" started-at="2024-03-07T17:18:24 IST" name="sorts_by_price_high_to_low" finished-at="2024-03-07T17:18:28 IST" duration-ms="3744" status="PASS">
          <reporter-output>
          </reporter-output>
        </test-method> <!-- sorts_by_price_high_to_low -->
      </class> <!-- testCases.TC_02_conditions -->
      <class name="testCases.TC_06_validation">
        <test-method signature="validate_the_email_id()[pri:16, instance:testCases.TC_06_validation@7e057f43]" started-at="2024-03-07T17:19:02 IST" name="validate_the_email_id" finished-at="2024-03-07T17:19:13 IST" duration-ms="11136" status="PASS">
          <reporter-output>
          </reporter-output>
        </test-method> <!-- validate_the_email_id -->
        <test-method signature="the_id_is_not_valid_and_user_gives_correct_email_id()[pri:17, instance:testCases.TC_06_validation@7e057f43]" started-at="2024-03-07T17:19:13 IST" name="the_id_is_not_valid_and_user_gives_correct_email_id" finished-at="2024-03-07T17:19:26 IST" duration-ms="13227" status="PASS">
          <reporter-output>
          </reporter-output>
        </test-method> <!-- the_id_is_not_valid_and_user_gives_correct_email_id -->
      </class> <!-- testCases.TC_06_validation -->
      <class name="testCases.TC_05_giftCard">
        <test-method signature="user_clicks_on_gift_cards()[pri:11, instance:testCases.TC_05_giftCard@6e9a5ed8]" started-at="2024-03-07T17:18:36 IST" name="user_clicks_on_gift_cards" finished-at="2024-03-07T17:18:43 IST" duration-ms="7014" status="PASS">
          <reporter-output>
          </reporter-output>
        </test-method> <!-- user_clicks_on_gift_cards -->
        <test-method signature="chooses_birthday_or_anniversary()[pri:12, instance:testCases.TC_05_giftCard@6e9a5ed8]" started-at="2024-03-07T17:18:44 IST" name="chooses_birthday_or_anniversary" finished-at="2024-03-07T17:18:49 IST" duration-ms="5102" status="PASS">
          <reporter-output>
          </reporter-output>
        </test-method> <!-- chooses_birthday_or_anniversary -->
        <test-method signature="enters_the_valid_amount_month_and_date()[pri:13, instance:testCases.TC_05_giftCard@6e9a5ed8]" started-at="2024-03-07T17:18:49 IST" name="enters_the_valid_amount_month_and_date" finished-at="2024-03-07T17:18:53 IST" duration-ms="3586" status="PASS">
          <reporter-output>
          </reporter-output>
        </test-method> <!-- enters_the_valid_amount_month_and_date -->
        <test-method signature="clicks_on_the_next_button()[pri:14, instance:testCases.TC_05_giftCard@6e9a5ed8]" started-at="2024-03-07T17:18:53 IST" name="clicks_on_the_next_button" finished-at="2024-03-07T17:18:56 IST" duration-ms="3101" status="PASS">
          <reporter-output>
          </reporter-output>
        </test-method> <!-- clicks_on_the_next_button -->
        <test-method signature="fills_to_from_details()[pri:15, instance:testCases.TC_05_giftCard@6e9a5ed8]" started-at="2024-03-07T17:18:56 IST" name="fills_to_from_details" finished-at="2024-03-07T17:19:01 IST" duration-ms="4913" status="PASS">
          <reporter-output>
          </reporter-output>
        </test-method> <!-- fills_to_from_details -->
      </class> <!-- testCases.TC_05_giftCard -->
      <class name="testCases.TC_03_getItems">
        <test-method signature="fetch_the_top_three_items_print_all_details_in_console_output()[pri:8, instance:testCases.TC_03_getItems@5b247367]" started-at="2024-03-07T17:18:28 IST" name="fetch_the_top_three_items_print_all_details_in_console_output" finished-at="2024-03-07T17:18:32 IST" duration-ms="3662" status="PASS">
          <reporter-output>
          </reporter-output>
        </test-method> <!-- fetch_the_top_three_items_print_all_details_in_console_output -->
      </class> <!-- testCases.TC_03_getItems -->
      <class name="testCases.TC_04_living">
        <test-method signature="user_clicks_on_the_living_menu()[pri:9, instance:testCases.TC_04_living@268f106e]" started-at="2024-03-07T17:18:32 IST" name="user_clicks_on_the_living_menu" finished-at="2024-03-07T17:18:32 IST" duration-ms="145" status="PASS">
          <reporter-output>
          </reporter-output>
        </test-method> <!-- user_clicks_on_the_living_menu -->
        <test-method signature="retrieve_all_items_under_living_storage_sub_menu_and_print_the_same_on_the_console()[pri:10, instance:testCases.TC_04_living@268f106e]" started-at="2024-03-07T17:18:32 IST" name="retrieve_all_items_under_living_storage_sub_menu_and_print_the_same_on_the_console" finished-at="2024-03-07T17:18:36 IST" duration-ms="4069" status="PASS">
          <reporter-output>
          </reporter-output>
        </test-method> <!-- retrieve_all_items_under_living_storage_sub_menu_and_print_the_same_on_the_console -->
      </class> <!-- testCases.TC_04_living -->
      <class name="testCases.TC_07_confirmDetails">
        <test-method signature="confirm_the_details_in_confirm_details_section()[pri:18, instance:testCases.TC_07_confirmDetails@6c284af]" started-at="2024-03-07T17:19:26 IST" name="confirm_the_details_in_confirm_details_section" finished-at="2024-03-07T17:19:30 IST" duration-ms="3613" status="PASS">
          <reporter-output>
          </reporter-output>
        </test-method> <!-- confirm_the_details_in_confirm_details_section -->
      </class> <!-- testCases.TC_07_confirmDetails -->
      <class name="testCases.TC_01_itemToBeSearched">
        <test-method is-config="true" signature="setup(java.lang.String,java.lang.String)[pri:0, instance:testCases.TC_01_itemToBeSearched@6fa51cd4]" started-at="2024-03-07T17:17:50 IST" name="setup" finished-at="2024-03-07T17:18:00 IST" duration-ms="10456" status="PASS">
          <params>
            <param index="0">
              <value>
                <![CDATA[chrome]]>
              </value>
            </param>
            <param index="1">
              <value>
                <![CDATA[https://www.urbanladder.com/]]>
              </value>
            </param>
          </params>
          <reporter-output>
          </reporter-output>
        </test-method> <!-- setup -->
        <test-method signature="openBrowser()[pri:1, instance:testCases.TC_01_itemToBeSearched@6fa51cd4]" started-at="2024-03-07T17:18:00 IST" name="openBrowser" finished-at="2024-03-07T17:18:05 IST" duration-ms="4591" status="PASS">
          <reporter-output>
          </reporter-output>
        </test-method> <!-- openBrowser -->
        <test-method signature="getItemName()[pri:2, instance:testCases.TC_01_itemToBeSearched@6fa51cd4]" started-at="2024-03-07T17:18:05 IST" name="getItemName" finished-at="2024-03-07T17:18:10 IST" duration-ms="4110" status="PASS">
          <reporter-output>
          </reporter-output>
        </test-method> <!-- getItemName -->
        <test-method signature="closePopUp()[pri:3, instance:testCases.TC_01_itemToBeSearched@6fa51cd4]" started-at="2024-03-07T17:18:10 IST" name="closePopUp" finished-at="2024-03-07T17:18:12 IST" duration-ms="2396" status="PASS">
          <reporter-output>
          </reporter-output>
        </test-method> <!-- closePopUp -->
        <test-method is-config="true" signature="closeBrowser()[pri:0, instance:testCases.TC_01_itemToBeSearched@6fa51cd4]" started-at="2024-03-07T17:19:30 IST" name="closeBrowser" finished-at="2024-03-07T17:19:31 IST" duration-ms="1159" status="PASS">
          <reporter-output>
          </reporter-output>
        </test-method> <!-- closeBrowser -->
      </class> <!-- testCases.TC_01_itemToBeSearched -->
    </test> <!-- Chrome -->
  </suite> <!-- Suite -->
</testng-results>
